0: 161129-ECE-Paris_Lille
image_size:	648x430
#sift count:	2780

1: 39429681525_2411166fcb_b
image_size:	1024x653
#sift count:	4635

2: institut-de-france--acad-mie-fran-aise--from-pont-168194249-59fb89deaad52b00372925c3
image_size:	768x512
#sift count:	3699

3: linstitut-de-france-coupole-de-lacadmie-franaise-building-paris-france-APMWBM
image_size:	1300x1055
#sift count:	10067

4: paris-academie-francaise
image_size:	300x450
#sift count:	1356

Loading image pixel data ...done in 0s

Compute Missing Pairwise Matching, begin...
0 pairs to compute match
----------------------------------------------------------------
Compute Missing Pairwise Matching, finished
Totally 0.000 seconds used


Compute Missing Pairwise Matching, begin...
0 pairs to compute match
----------------------------------------------------------------
Compute Missing Pairwise Matching, finished
Totally 0.000 seconds used


Run full 3D reconstruction, begin...
6 pairs have two-view models
10 pairs have fundamental matrices
Initialize with ins..925c3 and par..caise
94 3D points initialized from two images
PBA library version = 105
PBA: 94 3D pts, 2 cams and 188 projs...
PBA: 0.061 -> 0.042 (2 LMs in 0.10sec)
Focal Length : [921.600]->[923.791]
Focal Length : [540.000]->[539.336]

#############################
#3: [394..fcb_b] sees 101 (+160) 3D points
Estimated Focal Length [1094][1.07N]
# 368 projs (156 pts and 0 merges)
PBA: 249 3D pts, 3 cams and 554 projs...
PBA: 0.532 -> 0.173 (7 LMs in 0.05sec)

**************************************
#3/3:  368 projs and 156 pts added.
PBA: 249 3D pts, 3 cams and 554 projs...
PBA: 0.173 -> 0.105 (5 LMs in 0.01sec)
PBA: 249 3D pts, 3 cams and 554 projs...
PBA: 0.105 -> 0.089 (5 LMs in 0.03sec)
Focal Length : [1094.057]->[1093.752]
Radial Distortion : [0.025 -> 2]

#############################
#4: [161..Lille] sees 74 (+51) 3D points
Estimated Focal Length [2223][3.43N]
# 100 projs (29 pts and 0 merges)
PBA: 278 3D pts, 4 cams and 654 projs...
PBA: 0.894 -> 0.894 (0 LMs in 0.00sec)
Focal Length : [2223.287]->[2223.287]
Radial Distortion : [0.000 -> 0]
END: No more images to add [0 projs]

#############################
Failed to find two images for initialization
Resuming SfM finished, 0 sec used

---------------------------------------------------
4 cams, 279 pts (3+: 75)
654 projections (3+: 248)
---------------------------------------------------
1 model(s) reconstructed from 5 images;
4 modeled; 0 reused; 0 EXIF; 
0MB(0) used to store feature location.
---------------------------------------------------

########-------timing------#########
Structure-From-Motion finished, 0 sec used
0.2(0.2) seconds on Bundle Adjustment (+)
0.2(0.2) seconds on Bundle Adjustment (*)
#############################
----------------------------------------------------------------
Run full 3D reconstruction, finished
Totally 0.000 seconds used

Save to test.nvm ... done
