0: 161129-ECE-Paris_Lille
image_size:	648x430
#sift count:	2780

1: 39429681525_2411166fcb_b
image_size:	1024x653
#sift count:	4635

2: institut-de-france--acad-mie-fran-aise--from-pont-168194249-59fb89deaad52b00372925c3
image_size:	768x512
#sift count:	3699

3: linstitut-de-france-coupole-de-lacadmie-franaise-building-paris-france-APMWBM
image_size:	1300x1055
#sift count:	10067

4: paris-academie-francaise
image_size:	300x450
#sift count:	1356

Loading image pixel data ...done in 0s

Compute Missing Pairwise Matching, begin...
0 pairs to compute match
----------------------------------------------------------------
Compute Missing Pairwise Matching, finished
Totally 0.000 seconds used


Run full 3D reconstruction, begin...
7 pairs have two-view models
10 pairs have fundamental matrices
Initialize with 161..Lille and 394..fcb_b
50 3D points initialized from two images
PBA library version = 105
PBA: 50 3D pts, 2 cams and 100 projs...
PBA: 0.100 -> 0.100 (0 LMs in 0.07sec)
Focal Length : [777.600]->[777.600]
Focal Length : [1228.800]->[1228.800]
END: No more images to add [0 projs]

#############################
Initialize with ins..925c3 and par..caise
81 3D points initialized from two images
PBA: 81 3D pts, 2 cams and 162 projs...
PBA: 0.064 -> 0.036 (5 LMs in 0.08sec)
Focal Length : [921.600]->[921.662]
Focal Length : [540.000]->[539.803]

#############################
+3: [394..fcb_b] sees 81 (+172) 3D points
Estimated Focal Length [774][0.76N]
# 85 projs (21 pts and 0 merges)
PBA: 102 3D pts, 3 cams and 247 projs...
PBA: 0.076 -> 0.037 (1 LMs in 0.01sec)

**************************************
#3/3:  88 projs and 21 pts added.
PBA: 102 3D pts, 3 cams and 250 projs...
PBA: 0.039 -> 0.035 (1 LMs in 0.00sec)
PBA: 102 3D pts, 3 cams and 250 projs...
PBA: 0.035 -> 0.034 (1 LMs in 0.00sec)
Focal Length : [774.356]->[772.928]
Radial Distortion : [1.329 -> 298]

#############################
+4: [161..Lille] sees 50 (+62) 3D points
Estimated Focal Length [438][0.68W]
# 108 projs (35 pts and 0 merges)
PBA: 137 3D pts, 4 cams and 358 projs...
PBA: 0.266 -> 0.266 (0 LMs in 0.00sec)
Focal Length : [438.387]->[438.387]
Radial Distortion : [0.000 -> 0]
END: No more images to add [0 projs]

#############################
Failed to find two images for initialization
NOTE: 1 small models are deleted
Resuming SfM finished, 0 sec used

---------------------------------------------------
4 cams, 138 pts (3+: 62)
358 projections (3+: 208)
---------------------------------------------------
1 model(s) reconstructed from 5 images;
4 modeled; 0 reused; 0 EXIF; 
0MB(0) used to store feature location.
---------------------------------------------------

########-------timing------#########
Structure-From-Motion finished, 1 sec used
0.2(0.2) seconds on Bundle Adjustment (+)
0.2(0.2) seconds on Bundle Adjustment (*)
#############################
----------------------------------------------------------------
Run full 3D reconstruction, finished
Totally 1.000 seconds used


Run dense reconstruction, begin...
Save to test.nvm ... done

#############################
Undistorting 4 images in model #0
param_undistortion_thread_num = 0
NOTE: using 8 threads...
#02: 161..Lille -> 00000003.jpg, 0.000 sec
#00: ins..925c3 -> 00000000.jpg, 0.087 sec
#00: par..caise -> 00000001.jpg, 0.026 sec
#01: 394..fcb_b -> 00000002.jpg, 0.146 sec
----------------------------------------------------------------
Running Yasutaka Furukawa's CMVS tool...
cmvs /home/aakash/Desktop/CV/test.nvm.cmvs/00/ 50 8
ERROR: the above CMVS command failed!
FAQ: http://ccwu.me/vsfm/doc.html#errors
----------------------------------------------------------------
Run dense reconstruction, finished
Totally 0.000 seconds used

