0: 161129-ECE-Paris_Lille
image_size:	648x430
1: 39429681525_2411166fcb_b
image_size:	1024x653
2: institut-de-france--acad-mie-fran-aise--from-pont-168194249-59fb89deaad52b00372925c3
image_size:	768x512
3: linstitut-de-france-coupole-de-lacadmie-franaise-building-paris-france-APMWBM
image_size:	1300x1055
4: paris-academie-francaise
image_size:	300x450
Loading image pixel data ...done in 0s

Compute Missing Pairwise Matching, begin...
********* WARNING ***********
More than 502MB of graphic memory may be allocated
under the default settings. If the program halts here,
adjust parameters to save memory and rerun the task: 
    [Tools->Enable GPU->Set Maximum DIM]
Note some octaves may be automatically skipped
SIFT: 0000, 648x430, 	2780, 0.28sec
SIFT: 0001, 1024x653, 	4635, 0.13sec
SIFT: 0002, 768x512, 	3699, 0.04sec
SIFT: 0003, 1300x1055, 	10067, 0.22sec
SIFT: 0004, 300x450, 	1356, 0.02sec

###########-------timing------#########
5 Feature Detection finished, 1 sec used
#############################

10 pairs to compute match
NOTE: using 2 matching workers
0000 and 0001: 67 matches, 0.15sec, #0
0000 and 0001: [51/67], H[11], 0.00sec
0000 and 0002: 50 matches, 0.02sec, #0
0000 and 0002: [36/50], H[22], 0.00sec
0002 and 0003: 41 matches, 0.20sec, #1
0001 and 0002: 208 matches, 0.03sec, #0
0001 and 0002: [195/208], H[161], 0.00sec
0000 and 0003: 36 matches, 0.03sec, #0
0002 and 0003: [16/41], H[4], 0.08sec
0000 and 0004: 43 matches, 0.03sec, #1
0000 and 0004: [34/43], H[8], 0.00sec
0000 and 0003: [10/36], H[5], 0.09sec
0001 and 0004: 86 matches, 0.04sec, #1
0001 and 0004: [72/86], H[34], 0.00sec
0001 and 0003: 39 matches, 0.05sec, #0
0002 and 0004: 101 matches, 0.04sec, #1
0002 and 0004: [95/101], H[39], 0.00sec
0001 and 0003: [13/39], H[6], 0.08sec
0003 and 0004: 50 matches, 0.08sec, #1
0003 and 0004: [21/50], H[5], 0.04sec

###########-------timing------#########
10 Image Match finished, 0 sec used
#############################

----------------------------------------------------------------
Compute Missing Pairwise Matching, finished
Totally 1.000 seconds used


Run full 3D reconstruction, begin...
7 pairs have two-view models
10 pairs have fundamental matrices
Initialize with 161..Lille and 394..fcb_b
50 3D points initialized from two images
PBA library version = 105
PBA: 50 3D pts, 2 cams and 100 projs...
PBA: 0.100 -> 0.100 (0 LMs in 0.08sec)
Focal Length : [777.600]->[777.600]
Focal Length : [1228.800]->[1228.800]
END: No more images to add [0 projs]

#############################
Initialize with ins..925c3 and par..caise
81 3D points initialized from two images
PBA: 81 3D pts, 2 cams and 162 projs...
PBA: 0.064 -> 0.036 (5 LMs in 0.07sec)
Focal Length : [921.600]->[921.662]
Focal Length : [540.000]->[539.803]

#############################
+3: [394..fcb_b] sees 81 (+172) 3D points
Estimated Focal Length [676][0.66W]
# 87 projs (22 pts and 0 merges)
PBA: 103 3D pts, 3 cams and 249 projs...
PBA: 0.065 -> 0.059 (1 LMs in 0.00sec)

**************************************
#3/3:  92 projs and 22 pts added.
PBA: 103 3D pts, 3 cams and 254 projs...
PBA: 0.038 -> 0.033 (1 LMs in 0.00sec)
PBA: 103 3D pts, 3 cams and 254 projs...
PBA: 0.033 -> 0.031 (4 LMs in 0.00sec)
Focal Length : [675.624]->[681.029]
Radial Distortion : [-0.758 -> -220]

#############################
+4: [161..Lille] sees 50 (+62) 3D points
Estimated Focal Length [238][0.37W]
# 81 projs (22 pts and 0 merges)
PBA: 125 3D pts, 4 cams and 335 projs...
PBA: 0.055 -> 0.055 (0 LMs in 0.00sec)
Focal Length : [237.627]->[237.627]
Radial Distortion : [0.000 -> 0]
END: No more images to add [0 projs]

#############################
Failed to find two images for initialization
NOTE: 1 small models are deleted
Resuming SfM finished, 0 sec used

---------------------------------------------------
4 cams, 126 pts (3+: 63)
335 projections (3+: 211)
---------------------------------------------------
1 model(s) reconstructed from 5 images;
4 modeled; 0 reused; 0 EXIF; 
0MB(0) used to store feature location.
---------------------------------------------------

########-------timing------#########
Structure-From-Motion finished, 0 sec used
0.2(0.2) seconds on Bundle Adjustment (+)
0.2(0.2) seconds on Bundle Adjustment (*)
#############################
----------------------------------------------------------------
Run full 3D reconstruction, finished
Totally 0.000 seconds used


Run dense reconstruction, begin...
Save to test.nvm ... done

#############################
Undistorting 4 images in model #0
param_undistortion_thread_num = 0
NOTE: using 8 threads...
#00: ins..925c3 -> 00000000.jpg, 0.088 sec
#00: par..caise -> 00000001.jpg, 0.027 sec
#01: 394..fcb_b -> 00000002.jpg, 0.139 sec
#01: 161..Lille -> 00000003.jpg, 0.000 sec
----------------------------------------------------------------
Running Yasutaka Furukawa's CMVS tool...
cmvs /home/aakash/Desktop/CV/test.nvm.cmvs/00/ 50 8
ERROR: the above CMVS command failed!
FAQ: http://ccwu.me/vsfm/doc.html#errors
----------------------------------------------------------------
Run dense reconstruction, finished
Totally 0.000 seconds used

