0: 161129-ECE-Paris_Lille
image_size:	648x430
#sift count:	2780

1: 39429681525_2411166fcb_b
image_size:	1024x653
#sift count:	4635

2: institut-de-france--acad-mie-fran-aise--from-pont-168194249-59fb89deaad52b00372925c3
image_size:	768x512
#sift count:	3699

3: linstitut-de-france-coupole-de-lacadmie-franaise-building-paris-france-APMWBM
image_size:	1300x1055
#sift count:	10067

4: paris-academie-francaise
image_size:	300x450
#sift count:	1356

Loading image pixel data ...done in 0s

Compute Missing Pairwise Matching, begin...
0 pairs to compute match
----------------------------------------------------------------
Compute Missing Pairwise Matching, finished
Totally 0.000 seconds used


Run full 3D reconstruction, begin...
7 pairs have two-view models
10 pairs have fundamental matrices
Initialize with 161..Lille and 394..fcb_b
50 3D points initialized from two images
PBA library version = 105
PBA: 50 3D pts, 2 cams and 100 projs...
PBA: 0.100 -> 0.100 (0 LMs in 0.08sec)
Focal Length : [777.600]->[777.600]
Focal Length : [1228.800]->[1228.800]
END: No more images to add [0 projs]

#############################
Initialize with ins..925c3 and par..caise
81 3D points initialized from two images
PBA: 81 3D pts, 2 cams and 162 projs...
PBA: 0.064 -> 0.036 (5 LMs in 0.08sec)
Focal Length : [921.600]->[921.662]
Focal Length : [540.000]->[539.803]

#############################
+3: [394..fcb_b] sees 81 (+172) 3D points
Estimated Focal Length [568][0.55W]
# 83 projs (20 pts and 0 merges)
PBA: 101 3D pts, 3 cams and 245 projs...
PBA: 0.071 -> 0.057 (1 LMs in 0.01sec)

**************************************
#3/3:  88 projs and 21 pts added.
PBA: 102 3D pts, 3 cams and 250 projs...
PBA: 8.899 -> 0.038 (2 LMs in 0.03sec)
PBA: 102 3D pts, 3 cams and 250 projs...
PBA: 0.038 -> 0.035 (1 LMs in 0.02sec)
Focal Length : [567.551]->[585.088]
Radial Distortion : [-0.797 -> -313]

#############################
+4: [161..Lille] sees 50 (+62) 3D points
Estimated Focal Length [683][1.05N]
# 29 projs (1 pts and 0 merges)
PBA: 103 3D pts, 4 cams and 279 projs...
PBA: 0.067 -> 0.067 (0 LMs in 0.00sec)
Focal Length : [682.569]->[682.569]
Radial Distortion : [0.000 -> 0]
END: No more images to add [0 projs]

#############################
Failed to find two images for initialization
NOTE: 1 small models are deleted
Resuming SfM finished, 1 sec used

---------------------------------------------------
4 cams, 104 pts (3+: 54)
279 projections (3+: 181)
---------------------------------------------------
1 model(s) reconstructed from 5 images;
4 modeled; 0 reused; 0 EXIF; 
0MB(0) used to store feature location.
---------------------------------------------------

########-------timing------#########
Structure-From-Motion finished, 1 sec used
0.2(0.2) seconds on Bundle Adjustment (+)
0.2(0.2) seconds on Bundle Adjustment (*)
#############################
----------------------------------------------------------------
Run full 3D reconstruction, finished
Totally 1.000 seconds used


Run dense reconstruction, begin...
Save to test1.nvm ... done

#############################
Undistorting 4 images in model #0
param_undistortion_thread_num = 0
NOTE: using 8 threads...
#00: ins..925c3 -> 00000000.jpg, 0.091 sec
#00: par..caise -> 00000001.jpg, 0.027 sec
#01: 394..fcb_b -> 00000002.jpg, 0.137 sec
#01: 161..Lille -> 00000003.jpg, 0.000 sec
----------------------------------------------------------------
Running Yasutaka Furukawa's CMVS tool...
cmvs /home/aakash/Desktop/CV/test1.nvm.cmvs/00/ 50 8
genOption /home/aakash/Desktop/CV/test1.nvm.cmvs/00/ 1 2 0.700000 7 3 8
1 cluster is generated for pmvs reconstruction.
pmvs2 /home/aakash/Desktop/CV/test1.nvm.cmvs/00/ option-0000
This may take a little more time, waiting...
0 seconds were used by PMVS
Loading option-0000.ply, 366 vertices ...

#############################
You can manually remove bad MVS points:
1. Switch to dense MVS points mode;
2. Hit F1 key to enter the selection mode;
3. Select points by dragging a rectangle;
4. Hit DELETE to delete the selected points.

#############################
Save to test1.nvm ... done
Save /home/aakash/Desktop/CV/test1.0.ply ...done
----------------------------------------------------------------
Run dense reconstruction, finished
Totally 0.000 seconds used

