
VisualSFM 3D reconstruction, begin...
Searching images in the specified folder
0: 161129-ECE-Paris_Lille
image_size:	648x430
#sift count:	2780

1: 39429681525_2411166fcb_b
image_size:	1024x653
#sift count:	4635

2: institut-de-france--acad-mie-fran-aise--from-pont-168194249-59fb89deaad52b00372925c3
image_size:	768x512
#sift count:	3699

3: linstitut-de-france-coupole-de-lacadmie-franaise-building-paris-france-APMWBM
image_size:	1300x1055
#sift count:	10067

4: paris-academie-francaise
image_size:	300x450
#sift count:	1356

Loading image pixel data ...done in 0s
Compute all missing matches
0 pairs to compute match
Save to /home/aakash/Desktop/CV/test.nvm ... done
6 pairs have two-view models
10 pairs have fundamental matrices
Initialize with ins..925c3 and par..caise
94 3D points initialized from two images
PBA library version = 105
PBA: 94 3D pts, 2 cams and 188 projs...
PBA: 0.061 -> 0.042 (2 LMs in 0.11sec)
Focal Length : [921.600]->[923.791]
Focal Length : [540.000]->[539.336]

#############################
#3: [394..fcb_b] sees 101 (+160) 3D points
Estimated Focal Length [615][0.60W]
# 95 projs (21 pts and 0 merges)
PBA: 115 3D pts, 3 cams and 283 projs...
PBA: 0.071 -> 0.041 (1 LMs in 0.00sec)

**************************************
#3/3:  98 projs and 21 pts added.
PBA: 115 3D pts, 3 cams and 286 projs...
PBA: 0.039 -> 0.037 (1 LMs in 0.00sec)
PBA: 115 3D pts, 3 cams and 286 projs...
PBA: 0.037 -> 0.036 (2 LMs in 0.02sec)
Focal Length : [615.356]->[616.664]
Radial Distortion : [-0.820 -> -290]

#############################
#4: [161..Lille] sees 60 (+58) 3D points
Estimated Focal Length [344][0.53W]
# 84 projs (25 pts and 0 merges)
PBA: 140 3D pts, 4 cams and 370 projs...
PBA: 0.218 -> 0.181 (1 LMs in 0.02sec)
Focal Length : [343.983]->[343.813]
Radial Distortion : [0.007 -> 1]
END: No more images to add [0 projs]

#############################
Failed to find two images for initialization
Resuming SfM finished, 1 sec used

---------------------------------------------------
4 cams, 141 pts (3+: 67)
370 projections (3+: 224)
---------------------------------------------------
1 model(s) reconstructed from 5 images;
4 modeled; 0 reused; 0 EXIF; 
0MB(0) used to store feature location.
---------------------------------------------------

########-------timing------#########
Structure-From-Motion finished, 1 sec used
0.2(0.2) seconds on Bundle Adjustment (+)
0.2(0.2) seconds on Bundle Adjustment (*)
#############################
Save to /home/aakash/Desktop/CV/test.nvm ... done
----------------------------------------------------------------
VisualSFM 3D reconstruction, finished
Totally 1.000 seconds used

__LogFile: /home/aakash/Desktop/CV/vsfm/bin/log/[18_03_06][17_21_38][835].log
